/cluster/raid/home/zhivar.sourati/Advanced_NLP_course_HW2
Training simple Neural Network on Products dataset


Epoch:   0 | Loss: 0.5946 | Valid loss: 0.6087 | F1 : 0.6865 | Valid F1: 0.6595


Epoch:   1 | Loss: 0.546 | Valid loss: 0.5873 | F1 : 0.7328 | Valid F1: 0.6897


Epoch:   2 | Loss: 0.5183 | Valid loss: 0.5805 | F1 : 0.7518 | Valid F1: 0.7021


Epoch:   3 | Loss: 0.495 | Valid loss: 0.5755 | F1 : 0.7675 | Valid F1: 0.7057


Epoch:   4 | Loss: 0.478 | Valid loss: 0.5755 | F1 : 0.7769 | Valid F1: 0.7037


Epoch:   5 | Loss: 0.465 | Valid loss: 0.5788 | F1 : 0.7841 | Valid F1: 0.7031


Epoch:   6 | Loss: 0.4538 | Valid loss: 0.5839 | F1 : 0.7903 | Valid F1: 0.7036


Epoch:   7 | Loss: 0.4435 | Valid loss: 0.5902 | F1 : 0.7957 | Valid F1: 0.7023


Epoch:   8 | Loss: 0.4335 | Valid loss: 0.5975 | F1 : 0.8002 | Valid F1: 0.7048


Epoch:   9 | Loss: 0.4234 | Valid loss: 0.6058 | F1 : 0.8067 | Valid F1: 0.7064
Evaluating Test Dataset
Test F1: 0.7095 | Test Acc: 0.7089 
Training simple Neural Network on 4dim dataset


Epoch:   0 | Loss: 1.357 | Valid loss: 1.352 | F1 : 0.2759 | Valid F1: 0.2964


Epoch:   1 | Loss: 1.344 | Valid loss: 1.343 | F1 : 0.2513 | Valid F1: 0.2546


Epoch:   2 | Loss: 1.33 | Valid loss: 1.332 | F1 : 0.2798 | Valid F1: 0.261


Epoch:   3 | Loss: 1.314 | Valid loss: 1.322 | F1 : 0.3008 | Valid F1: 0.3014


Epoch:   4 | Loss: 1.298 | Valid loss: 1.311 | F1 : 0.3254 | Valid F1: 0.3026


Epoch:   5 | Loss: 1.282 | Valid loss: 1.3 | F1 : 0.3456 | Valid F1: 0.2986


Epoch:   6 | Loss: 1.265 | Valid loss: 1.289 | F1 : 0.3781 | Valid F1: 0.3124


Epoch:   7 | Loss: 1.247 | Valid loss: 1.278 | F1 : 0.4102 | Valid F1: 0.3342


Epoch:   8 | Loss: 1.228 | Valid loss: 1.267 | F1 : 0.4514 | Valid F1: 0.3581


Epoch:   9 | Loss: 1.208 | Valid loss: 1.255 | F1 : 0.4861 | Valid F1: 0.3581


Epoch:  10 | Loss: 1.187 | Valid loss: 1.243 | F1 : 0.5231 | Valid F1: 0.3628


Epoch:  11 | Loss: 1.164 | Valid loss: 1.23 | F1 : 0.559 | Valid F1: 0.3629


Epoch:  12 | Loss: 1.139 | Valid loss: 1.217 | F1 : 0.5933 | Valid F1: 0.364


Epoch:  13 | Loss: 1.113 | Valid loss: 1.203 | F1 : 0.6242 | Valid F1: 0.3805


Epoch:  14 | Loss: 1.085 | Valid loss: 1.189 | F1 : 0.6526 | Valid F1: 0.3847


Epoch:  15 | Loss: 1.056 | Valid loss: 1.174 | F1 : 0.6802 | Valid F1: 0.3864


Epoch:  16 | Loss: 1.025 | Valid loss: 1.158 | F1 : 0.7058 | Valid F1: 0.4068


Epoch:  17 | Loss: 0.9928 | Valid loss: 1.142 | F1 : 0.7408 | Valid F1: 0.419


Epoch:  18 | Loss: 0.9597 | Valid loss: 1.126 | F1 : 0.7586 | Valid F1: 0.4483


Epoch:  19 | Loss: 0.926 | Valid loss: 1.11 | F1 : 0.7735 | Valid F1: 0.4572


Epoch:  20 | Loss: 0.8918 | Valid loss: 1.095 | F1 : 0.7952 | Valid F1: 0.4663


Epoch:  21 | Loss: 0.8573 | Valid loss: 1.079 | F1 : 0.8121 | Valid F1: 0.5142


Epoch:  22 | Loss: 0.8229 | Valid loss: 1.064 | F1 : 0.825 | Valid F1: 0.5301


Epoch:  23 | Loss: 0.7888 | Valid loss: 1.05 | F1 : 0.8371 | Valid F1: 0.5302


Epoch:  24 | Loss: 0.7551 | Valid loss: 1.036 | F1 : 0.8464 | Valid F1: 0.5462


Epoch:  25 | Loss: 0.7221 | Valid loss: 1.023 | F1 : 0.8602 | Valid F1: 0.5335


Epoch:  26 | Loss: 0.6898 | Valid loss: 1.012 | F1 : 0.8714 | Valid F1: 0.5461


Epoch:  27 | Loss: 0.6584 | Valid loss: 1.001 | F1 : 0.8795 | Valid F1: 0.541


Epoch:  28 | Loss: 0.628 | Valid loss: 0.9909 | F1 : 0.8868 | Valid F1: 0.5361


Epoch:  29 | Loss: 0.5986 | Valid loss: 0.982 | F1 : 0.8972 | Valid F1: 0.5362


Epoch:  30 | Loss: 0.5702 | Valid loss: 0.9741 | F1 : 0.906 | Valid F1: 0.5436


Epoch:  31 | Loss: 0.543 | Valid loss: 0.967 | F1 : 0.9116 | Valid F1: 0.552


Epoch:  32 | Loss: 0.5169 | Valid loss: 0.9608 | F1 : 0.9189 | Valid F1: 0.5522


Epoch:  33 | Loss: 0.4919 | Valid loss: 0.9554 | F1 : 0.9245 | Valid F1: 0.5582


Epoch:  34 | Loss: 0.4679 | Valid loss: 0.9508 | F1 : 0.9285 | Valid F1: 0.5687


Epoch:  35 | Loss: 0.4451 | Valid loss: 0.9469 | F1 : 0.9382 | Valid F1: 0.561


Epoch:  36 | Loss: 0.4233 | Valid loss: 0.9436 | F1 : 0.9445 | Valid F1: 0.561


Epoch:  37 | Loss: 0.4026 | Valid loss: 0.941 | F1 : 0.9493 | Valid F1: 0.561


Epoch:  38 | Loss: 0.3828 | Valid loss: 0.939 | F1 : 0.9525 | Valid F1: 0.561


Epoch:  39 | Loss: 0.3641 | Valid loss: 0.9376 | F1 : 0.9596 | Valid F1: 0.5686


Epoch:  40 | Loss: 0.3463 | Valid loss: 0.9366 | F1 : 0.9612 | Valid F1: 0.5607


Epoch:  41 | Loss: 0.3294 | Valid loss: 0.9362 | F1 : 0.9659 | Valid F1: 0.5607


Epoch:  42 | Loss: 0.3134 | Valid loss: 0.9362 | F1 : 0.9691 | Valid F1: 0.5612


Epoch:  43 | Loss: 0.2983 | Valid loss: 0.9366 | F1 : 0.9723 | Valid F1: 0.5589


Epoch:  44 | Loss: 0.2839 | Valid loss: 0.9374 | F1 : 0.9771 | Valid F1: 0.5589


Epoch:  45 | Loss: 0.2703 | Valid loss: 0.9385 | F1 : 0.9794 | Valid F1: 0.5589


Epoch:  46 | Loss: 0.2575 | Valid loss: 0.94 | F1 : 0.9826 | Valid F1: 0.5589


Epoch:  47 | Loss: 0.2454 | Valid loss: 0.9417 | F1 : 0.9834 | Valid F1: 0.5736


Epoch:  48 | Loss: 0.2339 | Valid loss: 0.9437 | F1 : 0.9858 | Valid F1: 0.5736


Epoch:  49 | Loss: 0.2231 | Valid loss: 0.946 | F1 : 0.9858 | Valid F1: 0.5736


Epoch:  50 | Loss: 0.2129 | Valid loss: 0.9484 | F1 : 0.9866 | Valid F1: 0.5736


Epoch:  51 | Loss: 0.2032 | Valid loss: 0.9511 | F1 : 0.9866 | Valid F1: 0.5665


Epoch:  52 | Loss: 0.1941 | Valid loss: 0.9539 | F1 : 0.9881 | Valid F1: 0.5665


Epoch:  53 | Loss: 0.1855 | Valid loss: 0.9569 | F1 : 0.9905 | Valid F1: 0.5668


Epoch:  54 | Loss: 0.1773 | Valid loss: 0.96 | F1 : 0.9929 | Valid F1: 0.5668


Epoch:  55 | Loss: 0.1697 | Valid loss: 0.9633 | F1 : 0.9945 | Valid F1: 0.5668


Epoch:  56 | Loss: 0.1624 | Valid loss: 0.9666 | F1 : 0.9968 | Valid F1: 0.5668


Epoch:  57 | Loss: 0.1556 | Valid loss: 0.9701 | F1 : 0.9976 | Valid F1: 0.5668


Epoch:  58 | Loss: 0.1491 | Valid loss: 0.9737 | F1 : 0.9984 | Valid F1: 0.5668


Epoch:  59 | Loss: 0.143 | Valid loss: 0.9773 | F1 : 0.9984 | Valid F1: 0.5668
Evaluating Test Dataset
Test F1: 0.6296 | Test Acc: 0.6312 
Training simple Neural Network on questions dataset


Epoch:   0 | Loss: 1.57 | Valid loss: 1.578 | F1 : 0.315 | Valid F1: 0.3397


Epoch:   1 | Loss: 1.427 | Valid loss: 1.443 | F1 : 0.4263 | Valid F1: 0.4353


Epoch:   2 | Loss: 1.268 | Valid loss: 1.298 | F1 : 0.5562 | Valid F1: 0.5419


Epoch:   3 | Loss: 1.127 | Valid loss: 1.18 | F1 : 0.6302 | Valid F1: 0.5822


Epoch:   4 | Loss: 0.989 | Valid loss: 1.071 | F1 : 0.6757 | Valid F1: 0.6221


Epoch:   5 | Loss: 0.8608 | Valid loss: 0.9728 | F1 : 0.7146 | Valid F1: 0.6408


Epoch:   6 | Loss: 0.7526 | Valid loss: 0.8937 | F1 : 0.7584 | Valid F1: 0.6649


Epoch:   7 | Loss: 0.665 | Valid loss: 0.8339 | F1 : 0.7866 | Valid F1: 0.6895


Epoch:   8 | Loss: 0.5948 | Valid loss: 0.7897 | F1 : 0.8073 | Valid F1: 0.7162


Epoch:   9 | Loss: 0.5383 | Valid loss: 0.7577 | F1 : 0.8245 | Valid F1: 0.7284
Evaluating Test Dataset
Test F1: 0.7472 | Test Acc: 0.75 
Training simple Neural Network on odia dataset


Epoch:   0 | Loss: 0.9617 | Valid loss: 0.9711 | F1 : 0.6077 | Valid F1: 0.5949


Epoch:   1 | Loss: 0.7774 | Valid loss: 0.7869 | F1 : 0.688 | Valid F1: 0.6946


Epoch:   2 | Loss: 0.6314 | Valid loss: 0.6495 | F1 : 0.7651 | Valid F1: 0.7553


Epoch:   3 | Loss: 0.5372 | Valid loss: 0.5688 | F1 : 0.7955 | Valid F1: 0.7794


Epoch:   4 | Loss: 0.487 | Valid loss: 0.5325 | F1 : 0.8138 | Valid F1: 0.7809


Epoch:   5 | Loss: 0.4582 | Valid loss: 0.5168 | F1 : 0.8255 | Valid F1: 0.7881


Epoch:   6 | Loss: 0.4382 | Valid loss: 0.5093 | F1 : 0.8327 | Valid F1: 0.7906


Epoch:   7 | Loss: 0.4226 | Valid loss: 0.5059 | F1 : 0.8394 | Valid F1: 0.7893


Epoch:   8 | Loss: 0.4098 | Valid loss: 0.5049 | F1 : 0.8445 | Valid F1: 0.7917


Epoch:   9 | Loss: 0.3992 | Valid loss: 0.5057 | F1 : 0.8485 | Valid F1: 0.7951
Evaluating Test Dataset
Test F1: 0.8127 | Test Acc: 0.8129 
Evaluation of simple Neural Network on Products dataset
Evaluation of simple Neural Network on 4dim dataset
Evaluation of simple Neural Network on questions dataset
Evaluation of simple Neural Network on odia dataset
